2013-03-18 13:31:20,479:INFO: Connected to database
2013-03-18 13:31:20,565:INFO: Crawling store: 3
2013-03-18 13:31:21,151:INFO: start date: 2013-03-15
2013-03-18 13:31:21,151:INFO: end date: 2013-03-21
2013-03-18 13:31:21,151:INFO: update date: 2013-03-18 13:31:20
2013-03-18 13:31:21,164:INFO: 

2013-03-18 13:31:21,164:INFO: Crawling store: 2
2013-03-18 13:31:21,931:INFO: URL: http://eflyerontario.loblaws.ca/cached_banner_pages/AJAXProxy.aspx?bname=LOB&AJAXCall=GetPublicationData.aspx?view=TEXT&version=Flash&publicationid=8f133a27-7262-49a7-b84d-7a3b716ee557&publicationtype=1&bannername=LOB&customername=LCL&pageid1=1&languageid=1&bannerid=3d5f3800-c099-11d9-9669-0800200c9a66
2013-03-18 13:31:22,221:INFO: start date: 2013-03-15
2013-03-18 13:31:22,221:INFO: end date: 2013-03-21
2013-03-18 13:31:22,221:INFO: update date: 2013-03-18 13:31:20
2013-03-18 13:31:22,229:INFO: 

2013-03-18 13:31:22,230:INFO: Crawling store: 1
2013-03-18 13:31:24,397:INFO: URL: http://www.metro.ca/en/on/accessible-flyer.html?method=getAccessibleFlyer&idFlyer=1640
2013-03-18 13:31:24,404:INFO: start date: 2013-03-15
2013-03-18 13:31:24,404:INFO: end date: 2013-03-21
2013-03-18 13:31:24,405:INFO: update date: 2013-03-18 13:31:20
2013-03-18 13:31:24,421:INFO: 

2013-03-18 13:31:24,423:INFO: Crawling store: 4
2013-03-18 13:31:25,039:INFO: URL: http://eflyer.shopnofrills.ca/cached_banner_pages/AJAXProxy.aspx?bname=NOFR&AJAXCall=GetPublicationData.aspx?view=TEXT&version=Flash&publicationid=b683722f-272a-469d-95b8-1045dbbe4e06&publicationtype=32&bannername=NOFR&customername=LCL&pageid1=1&languageid=1&bannerid=1f2ff19d-2888-44b3-93ea-1905aa0d9756
2013-03-18 13:31:25,141:INFO: start date: 2013-03-15
2013-03-18 13:31:25,142:INFO: end date: 2013-03-21
2013-03-18 13:31:25,142:INFO: update date: 2013-03-18 13:31:20
2013-03-18 13:31:25,144:INFO: 

2013-03-18 13:31:25,144:INFO: Crawling store: 5
2013-03-18 13:31:26,385:INFO: URL: http://sob.ca.flyerservices.com/cached_banner_pages/AJAXProxy.aspx?bname=SOB&AJAXCall=GetPublicationData.aspx?view=TEXT&version=Flash&publicationid=16c8f4dc-e35f-418a-8ee3-d997ad36e9d9&publicationtype=1&bannername=SOB&customername=SOB&pageid1=1&languageid=1&bannerid=0f69e65d-a96e-4871-8f86-a5fe7dde96c0
2013-03-18 13:31:26,575:INFO: start date: 2013-03-14
2013-03-18 13:31:26,575:INFO: end date: 2013-03-20
2013-03-18 13:31:26,575:INFO: update date: 2013-03-18 13:31:20
2013-03-18 13:31:26,578:INFO: 

2013-03-18 13:31:28,618:INFO: 

2013-03-18 13:31:34,677:INFO: Classification accuracy for store 1 could not be determined due to missing labelled targets
2013-03-18 13:31:35,055:INFO: Wrote 194 lines into table Item
2013-03-18 13:31:35,062:INFO: 

2013-03-18 13:31:37,802:INFO: Classification accuracy for store 2 could not be determined due to missing labelled targets
2013-03-18 13:31:38,848:INFO: Wrote 242 lines into table Item
2013-03-18 13:31:38,857:INFO: 

2013-03-18 13:31:40,469:INFO: Classification accuracy for store 3 could not be determined due to missing labelled targets
2013-03-18 13:31:40,688:INFO: Wrote 97 lines into table Item
2013-03-18 13:31:40,693:INFO: 

2013-03-18 13:31:41,572:INFO: Classification accuracy for store 4 could not be determined due to missing labelled targets
2013-03-18 13:31:41,839:INFO: Wrote 66 lines into table Item
2013-03-18 13:31:41,842:INFO: 

2013-03-18 13:31:42,980:INFO: Classification accuracy for store 5 could not be determined due to missing labelled targets
2013-03-18 13:31:43,382:INFO: Wrote 97 lines into table Item
2013-03-18 13:31:43,385:INFO: 

2013-03-18 13:31:44,082:INFO: Wrote 696 lines into table Grocery
2013-03-18 13:31:44,117:INFO: Closed connection to database
2013-03-18 13:31:44,118:INFO: 
ELAPSED: 23.68 seconds
