2013-03-19 21:33:59,111:INFO: Connected to database
2013-03-19 21:33:59,148:INFO: Crawling store: 3
2013-03-19 21:33:59,723:INFO: start date: 2013-03-15
2013-03-19 21:33:59,723:INFO: end date: 2013-03-21
2013-03-19 21:33:59,723:INFO: update date: 2013-03-19 21:33:59
2013-03-19 21:33:59,734:INFO: 

2013-03-19 21:33:59,736:INFO: Crawling store: 2
2013-03-19 21:34:00,898:INFO: URL: http://eflyerontario.loblaws.ca/cached_banner_pages/AJAXProxy.aspx?bname=LOB&AJAXCall=GetPublicationData.aspx?view=TEXT&version=Flash&publicationid=8f133a27-7262-49a7-b84d-7a3b716ee557&publicationtype=1&bannername=LOB&customername=LCL&pageid1=1&languageid=1&bannerid=3d5f3800-c099-11d9-9669-0800200c9a66
2013-03-19 21:34:01,269:INFO: start date: 2013-03-15
2013-03-19 21:34:01,269:INFO: end date: 2013-03-21
2013-03-19 21:34:01,269:INFO: update date: 2013-03-19 21:33:59
2013-03-19 21:34:01,278:INFO: 

2013-03-19 21:34:01,278:INFO: Crawling store: 1
2013-03-19 21:34:03,217:INFO: URL: http://www.metro.ca/en/on/accessible-flyer.html?method=getAccessibleFlyer&idFlyer=1640
2013-03-19 21:34:03,226:INFO: start date: 2013-03-15
2013-03-19 21:34:03,226:INFO: end date: 2013-03-21
2013-03-19 21:34:03,226:INFO: update date: 2013-03-19 21:33:59
2013-03-19 21:34:03,242:INFO: 

2013-03-19 21:34:03,242:INFO: Crawling store: 4
2013-03-19 21:34:03,822:INFO: URL: http://eflyer.shopnofrills.ca/cached_banner_pages/AJAXProxy.aspx?bname=NOFR&AJAXCall=GetPublicationData.aspx?view=TEXT&version=Flash&publicationid=b683722f-272a-469d-95b8-1045dbbe4e06&publicationtype=32&bannername=NOFR&customername=LCL&pageid1=1&languageid=1&bannerid=1f2ff19d-2888-44b3-93ea-1905aa0d9756
2013-03-19 21:34:03,927:INFO: start date: 2013-03-15
2013-03-19 21:34:03,927:INFO: end date: 2013-03-21
2013-03-19 21:34:03,927:INFO: update date: 2013-03-19 21:33:59
2013-03-19 21:34:03,928:INFO: 

2013-03-19 21:34:03,928:INFO: Crawling store: 5
2013-03-19 21:34:05,308:INFO: URL: http://sob.ca.flyerservices.com/cached_banner_pages/AJAXProxy.aspx?bname=SOB&AJAXCall=GetPublicationData.aspx?view=TEXT&version=Flash&publicationid=16c8f4dc-e35f-418a-8ee3-d997ad36e9d9&publicationtype=1&bannername=SOB&customername=SOB&pageid1=1&languageid=1&bannerid=0f69e65d-a96e-4871-8f86-a5fe7dde96c0
2013-03-19 21:34:05,423:INFO: start date: 2013-03-14
2013-03-19 21:34:05,423:INFO: end date: 2013-03-20
2013-03-19 21:34:05,423:INFO: update date: 2013-03-19 21:33:59
2013-03-19 21:34:05,424:INFO: 

2013-03-19 21:34:07,401:INFO: 

2013-03-19 21:34:16,293:INFO: Classification accuracy for store 1 could not be determined due to missing labelled targets
2013-03-19 21:34:16,704:INFO: Wrote 194 lines into table Item
2013-03-19 21:34:16,709:INFO: 

2013-03-19 21:34:22,273:INFO: Classification accuracy for store 2 could not be determined due to missing labelled targets
2013-03-19 21:34:23,414:INFO: Wrote 242 lines into table Item
2013-03-19 21:34:23,421:INFO: 

2013-03-19 21:34:26,526:INFO: Classification accuracy for store 3 could not be determined due to missing labelled targets
2013-03-19 21:34:26,713:INFO: Wrote 97 lines into table Item
2013-03-19 21:34:26,716:INFO: 

2013-03-19 21:34:28,520:INFO: Classification accuracy for store 4 could not be determined due to missing labelled targets
2013-03-19 21:34:28,809:INFO: Wrote 66 lines into table Item
2013-03-19 21:34:28,812:INFO: 

2013-03-19 21:34:31,144:INFO: Classification accuracy for store 5 could not be determined due to missing labelled targets
2013-03-19 21:34:31,569:INFO: Wrote 97 lines into table Item
2013-03-19 21:34:31,572:INFO: 

2013-03-19 21:34:32,276:INFO: Wrote 696 lines into table Grocery
2013-03-19 21:34:32,302:INFO: Closed connection to database
2013-03-19 21:34:32,303:INFO: 
ELAPSED: 33.23 seconds
