2013-03-13 02:30:42,664:INFO: Connected to database
2013-03-13 02:30:42,746:INFO: Crawling store: 3
2013-03-13 02:30:43,507:INFO: start date: 2013-03-08
2013-03-13 02:30:43,507:INFO: end date: 2013-03-14
2013-03-13 02:30:43,507:INFO: update date: 2013-03-13 02:30:42
2013-03-13 02:30:43,522:INFO: 

2013-03-13 02:30:43,522:INFO: Crawling store: 2
2013-03-13 02:30:44,319:INFO: URL: http://eflyerontario.loblaws.ca/cached_banner_pages/AJAXProxy.aspx?bname=LOB&AJAXCall=GetPublicationData.aspx?view=TEXT&version=Flash&publicationid=4b8a6ee0-3266-43a7-b925-f3fdc9354ec7&publicationtype=1&bannername=LOB&customername=LCL&pageid1=1&languageid=1&bannerid=3d5f3800-c099-11d9-9669-0800200c9a66
2013-03-13 02:30:44,552:INFO: start date: 2013-03-08
2013-03-13 02:30:44,552:INFO: end date: 2013-03-14
2013-03-13 02:30:44,552:INFO: update date: 2013-03-13 02:30:42
2013-03-13 02:30:44,558:INFO: 

2013-03-13 02:30:44,559:INFO: Crawling store: 1
2013-03-13 02:30:46,201:INFO: URL: http://www.metro.ca/en/on/accessible-flyer.html?method=getAccessibleFlyer&idFlyer=1634
2013-03-13 02:30:46,207:INFO: start date: 2013-03-08
2013-03-13 02:30:46,207:INFO: end date: 2013-03-14
2013-03-13 02:30:46,207:INFO: update date: 2013-03-13 02:30:42
2013-03-13 02:30:46,217:INFO: 

2013-03-13 02:30:46,217:INFO: Crawling store: 4
2013-03-13 02:30:46,740:INFO: URL: http://eflyer.shopnofrills.ca/cached_banner_pages/AJAXProxy.aspx?bname=NOFR&AJAXCall=GetPublicationData.aspx?view=TEXT&version=Flash&publicationid=ba6f7463-0505-445a-a8fb-08f43d275933&publicationtype=32&bannername=NOFR&customername=LCL&pageid1=1&languageid=1&bannerid=1f2ff19d-2888-44b3-93ea-1905aa0d9756
2013-03-13 02:30:46,832:INFO: start date: 2013-03-08
2013-03-13 02:30:46,832:INFO: end date: 2013-03-14
2013-03-13 02:30:46,832:INFO: update date: 2013-03-13 02:30:42
2013-03-13 02:30:46,834:INFO: 

2013-03-13 02:30:46,834:INFO: Crawling store: 5
2013-03-13 02:30:48,134:INFO: URL: http://sob.ca.flyerservices.com/cached_banner_pages/AJAXProxy.aspx?bname=SOB&AJAXCall=GetPublicationData.aspx?view=TEXT&version=Flash&publicationid=8f6eb863-e821-4579-9182-b60638d1e3d6&publicationtype=1&bannername=SOB&customername=SOB&pageid1=1&languageid=1&bannerid=0f69e65d-a96e-4871-8f86-a5fe7dde96c0
2013-03-13 02:30:48,331:INFO: start date: 2013-03-07
2013-03-13 02:30:48,332:INFO: end date: 2013-03-13
2013-03-13 02:30:48,332:INFO: update date: 2013-03-13 02:30:42
2013-03-13 02:30:48,332:INFO: 

2013-03-13 02:30:49,861:INFO: 

2013-03-13 02:30:55,760:INFO: Classification accuracy for store 1 could not be determined due to missing labelled targets
2013-03-13 02:30:56,710:INFO: Wrote 181 lines into table Item
2013-03-13 02:30:56,757:INFO: 

2013-03-13 02:30:59,009:INFO: Classification accuracy for store 2 could not be determined due to missing labelled targets
2013-03-13 02:31:00,234:INFO: Wrote 221 lines into table Item
2013-03-13 02:31:00,242:INFO: 

2013-03-13 02:31:01,703:INFO: Classification accuracy for store 3 could not be determined due to missing labelled targets
2013-03-13 02:31:02,392:INFO: Wrote 134 lines into table Item
2013-03-13 02:31:02,397:INFO: 

2013-03-13 02:31:02,749:INFO: Classification accuracy for store 4 could not be determined due to missing labelled targets
2013-03-13 02:31:03,029:INFO: Wrote 50 lines into table Item
2013-03-13 02:31:03,033:INFO: 

2013-03-13 02:31:03,676:INFO: Classification accuracy for store 5 could not be determined due to missing labelled targets
2013-03-13 02:31:04,006:INFO: Wrote 62 lines into table Item
2013-03-13 02:31:04,010:INFO: 

2013-03-13 02:31:25,592:INFO: Wrote 648 lines into table Grocery
2013-03-13 02:31:25,607:INFO: Closed connection to database
2013-03-13 02:31:25,607:INFO: 
ELAPSED: 43.21 seconds
